2021-09-04T03:28:43+00:00 CRITICAL Uncaught ArgumentCountError: 3 arguments are required, 2 given in D:\xampp\htdocs\ducmanh\wp-admin\includes\class-bulk-upgrader-skin.php:152
Stack trace:
#0 D:\xampp\htdocs\ducmanh\wp-admin\includes\class-bulk-upgrader-skin.php(152): sprintf('%1$s installed ...', 'Contact Form 7')
#1 D:\xampp\htdocs\ducmanh\wp-content\themes\flatsome\inc\classes\class-tgm-plugin-activation.php(3638): Bulk_Upgrader_Skin->after('Contact Form 7')
#2 D:\xampp\htdocs\ducmanh\wp-admin\includes\class-wp-upgrader.php(823): TGMPA_Bulk_Installer_Skin->after()
#3 D:\xampp\htdocs\ducmanh\wp-content\themes\flatsome\inc\classes\class-tgm-plugin-activation.php(3258): WP_Upgrader->run(Array)
#4 D:\xampp\htdocs\ducmanh\wp-content\themes\flatsome\inc\classes\class-tgm-plugin-activation.php(3371): TGMPA_Bulk_Installer->run(Array)
#5 D:\xampp\htdocs\ducmanh\wp-content\themes\flatsome\inc\classes\class-tgm-plugin-activation.php(2977): TGMPA_Bulk_Installer->bulk_install(Array)
#6 D:\xampp\htdocs\ducmanh\wp-content\themes\flatsome\inc\classes\class-tgm-plugin-activation.php(743): TGMPA_List_Table->process_bulk_actions()
#7 D:\xampp\htdocs\ducmanh\wp-includes\class-wp-hook.php(303): TGM_Plugin_Activation->install_plugins_page('')
#8 D:\xampp\htdocs\ducmanh\wp-includes\class-wp-hook.php(327): WP_Hook->apply_filters('', Array)
#9 D:\xampp\htdocs\ducmanh\wp-includes\plugin.php(470): WP_Hook->do_action(Array)
#10 D:\xampp\htdocs\ducmanh\wp-admin\admin.php(259): do_action('appearance_page...')
#11 D:\xampp\htdocs\ducmanh\wp-admin\themes.php(10): require_once('D:\\xampp\\htdocs...')
#12 {main}
  thrown in D:\xampp\htdocs\ducmanh\wp-admin\includes\class-bulk-upgrader-skin.php on line 152

2021-09-04T03:28:50+00:00 CRITICAL Uncaught ArgumentCountError: 3 arguments are required, 2 given in D:\xampp\htdocs\ducmanh\wp-admin\includes\class-bulk-upgrader-skin.php:152
Stack trace:
#0 D:\xampp\htdocs\ducmanh\wp-admin\includes\class-bulk-upgrader-skin.php(152): sprintf('%1$s installed ...', 'Nextend Social ...')
#1 D:\xampp\htdocs\ducmanh\wp-content\themes\flatsome\inc\classes\class-tgm-plugin-activation.php(3638): Bulk_Upgrader_Skin->after('Nextend Social ...')
#2 D:\xampp\htdocs\ducmanh\wp-admin\includes\class-wp-upgrader.php(823): TGMPA_Bulk_Installer_Skin->after()
#3 D:\xampp\htdocs\ducmanh\wp-content\themes\flatsome\inc\classes\class-tgm-plugin-activation.php(3258): WP_Upgrader->run(Array)
#4 D:\xampp\htdocs\ducmanh\wp-content\themes\flatsome\inc\classes\class-tgm-plugin-activation.php(3371): TGMPA_Bulk_Installer->run(Array)
#5 D:\xampp\htdocs\ducmanh\wp-content\themes\flatsome\inc\classes\class-tgm-plugin-activation.php(2977): TGMPA_Bulk_Installer->bulk_install(Array)
#6 D:\xampp\htdocs\ducmanh\wp-content\themes\flatsome\inc\classes\class-tgm-plugin-activation.php(743): TGMPA_List_Table->process_bulk_actions()
#7 D:\xampp\htdocs\ducmanh\wp-includes\class-wp-hook.php(303): TGM_Plugin_Activation->install_plugins_page('')
#8 D:\xampp\htdocs\ducmanh\wp-includes\class-wp-hook.php(327): WP_Hook->apply_filters('', Array)
#9 D:\xampp\htdocs\ducmanh\wp-includes\plugin.php(470): WP_Hook->do_action(Array)
#10 D:\xampp\htdocs\ducmanh\wp-admin\admin.php(259): do_action('appearance_page...')
#11 D:\xampp\htdocs\ducmanh\wp-admin\themes.php(10): require_once('D:\\xampp\\htdocs...')
#12 {main}
  thrown in D:\xampp\htdocs\ducmanh\wp-admin\includes\class-bulk-upgrader-skin.php on line 152

2021-09-04T03:28:59+00:00 CRITICAL Uncaught ArgumentCountError: 3 arguments are required, 2 given in D:\xampp\htdocs\ducmanh\wp-admin\includes\class-bulk-upgrader-skin.php:152
Stack trace:
#0 D:\xampp\htdocs\ducmanh\wp-admin\includes\class-bulk-upgrader-skin.php(152): sprintf('%1$s installed ...', 'YITH WooCommerc...')
#1 D:\xampp\htdocs\ducmanh\wp-content\themes\flatsome\inc\classes\class-tgm-plugin-activation.php(3638): Bulk_Upgrader_Skin->after('YITH WooCommerc...')
#2 D:\xampp\htdocs\ducmanh\wp-admin\includes\class-wp-upgrader.php(823): TGMPA_Bulk_Installer_Skin->after()
#3 D:\xampp\htdocs\ducmanh\wp-content\themes\flatsome\inc\classes\class-tgm-plugin-activation.php(3258): WP_Upgrader->run(Array)
#4 D:\xampp\htdocs\ducmanh\wp-content\themes\flatsome\inc\classes\class-tgm-plugin-activation.php(3371): TGMPA_Bulk_Installer->run(Array)
#5 D:\xampp\htdocs\ducmanh\wp-content\themes\flatsome\inc\classes\class-tgm-plugin-activation.php(2977): TGMPA_Bulk_Installer->bulk_install(Array)
#6 D:\xampp\htdocs\ducmanh\wp-content\themes\flatsome\inc\classes\class-tgm-plugin-activation.php(743): TGMPA_List_Table->process_bulk_actions()
#7 D:\xampp\htdocs\ducmanh\wp-includes\class-wp-hook.php(303): TGM_Plugin_Activation->install_plugins_page('')
#8 D:\xampp\htdocs\ducmanh\wp-includes\class-wp-hook.php(327): WP_Hook->apply_filters('', Array)
#9 D:\xampp\htdocs\ducmanh\wp-includes\plugin.php(470): WP_Hook->do_action(Array)
#10 D:\xampp\htdocs\ducmanh\wp-admin\admin.php(259): do_action('appearance_page...')
#11 D:\xampp\htdocs\ducmanh\wp-admin\themes.php(10): require_once('D:\\xampp\\htdocs...')
#12 {main}
  thrown in D:\xampp\htdocs\ducmanh\wp-admin\includes\class-bulk-upgrader-skin.php on line 152

